gilbreth-b004.rcac.purdue.edu
total tasks: 
4
total tasks per node: 
2
cpus per task: 
4
Cuda visible devices
0,1
The following modules were not unloaded:
  (Use "module --force purge" to unload all):

  1) xalt/1.1.2
/usr/bin/uuidgen: /home/ahmedb/.conda/envs/cent7/2020.11-py38/wav2letter/lib/libuuid.so.1: no version information available (required by /usr/bin/uuidgen)
2024-07-21 09:49:46.886376: I tensorflow/core/platform/cpu_feature_guard.cc:193] This TensorFlow binary is optimized with oneAPI Deep Neural Network Library (oneDNN) to use the following CPU instructions in performance-critical operations:  AVX2 AVX512F FMA
To enable them in other operations, rebuild TensorFlow with the appropriate compiler flags.
2024-07-21 09:49:46.886387: I tensorflow/core/platform/cpu_feature_guard.cc:193] This TensorFlow binary is optimized with oneAPI Deep Neural Network Library (oneDNN) to use the following CPU instructions in performance-critical operations:  AVX2 AVX512F FMA
To enable them in other operations, rebuild TensorFlow with the appropriate compiler flags.
2024-07-21 09:49:47.178693: I tensorflow/core/platform/cpu_feature_guard.cc:193] This TensorFlow binary is optimized with oneAPI Deep Neural Network Library (oneDNN) to use the following CPU instructions in performance-critical operations:  AVX2 AVX512F FMA
To enable them in other operations, rebuild TensorFlow with the appropriate compiler flags.
2024-07-21 09:49:47.185992: I tensorflow/core/platform/cpu_feature_guard.cc:193] This TensorFlow binary is optimized with oneAPI Deep Neural Network Library (oneDNN) to use the following CPU instructions in performance-critical operations:  AVX2 AVX512F FMA
To enable them in other operations, rebuild TensorFlow with the appropriate compiler flags.
2024-07-21 09:49:48.636198: W tensorflow/compiler/xla/stream_executor/platform/default/dso_loader.cc:64] Could not load dynamic library 'libnvinfer.so.7'; dlerror: libnvinfer.so.7: cannot open shared object file: No such file or directory; LD_LIBRARY_PATH: /home/ahmedb/.conda/envs/cent7/2020.11-py38/wav2letter/lib:/apps/spack/gilbreth/apps/anaconda/2020.11-py38-gcc-4.8.5-djkvkvk/lib/python3.8/site-packages:/apps/spack/gilbreth/apps/anaconda/2020.11-py38-gcc-4.8.5-djkvkvk/lib/python3.8:/apps/spack/gilbreth/apps/anaconda/2020.11-py38-gcc-4.8.5-djkvkvk/lib:/usr/lib64
2024-07-21 09:49:48.636209: W tensorflow/compiler/xla/stream_executor/platform/default/dso_loader.cc:64] Could not load dynamic library 'libnvinfer.so.7'; dlerror: libnvinfer.so.7: cannot open shared object file: No such file or directory; LD_LIBRARY_PATH: /home/ahmedb/.conda/envs/cent7/2020.11-py38/wav2letter/lib:/apps/spack/gilbreth/apps/anaconda/2020.11-py38-gcc-4.8.5-djkvkvk/lib/python3.8/site-packages:/apps/spack/gilbreth/apps/anaconda/2020.11-py38-gcc-4.8.5-djkvkvk/lib/python3.8:/apps/spack/gilbreth/apps/anaconda/2020.11-py38-gcc-4.8.5-djkvkvk/lib:/usr/lib64
2024-07-21 09:49:48.636625: W tensorflow/compiler/xla/stream_executor/platform/default/dso_loader.cc:64] Could not load dynamic library 'libnvinfer_plugin.so.7'; dlerror: libnvinfer_plugin.so.7: cannot open shared object file: No such file or directory; LD_LIBRARY_PATH: /home/ahmedb/.conda/envs/cent7/2020.11-py38/wav2letter/lib:/apps/spack/gilbreth/apps/anaconda/2020.11-py38-gcc-4.8.5-djkvkvk/lib/python3.8/site-packages:/apps/spack/gilbreth/apps/anaconda/2020.11-py38-gcc-4.8.5-djkvkvk/lib/python3.8:/apps/spack/gilbreth/apps/anaconda/2020.11-py38-gcc-4.8.5-djkvkvk/lib:/usr/lib64
2024-07-21 09:49:48.636623: W tensorflow/compiler/xla/stream_executor/platform/default/dso_loader.cc:64] Could not load dynamic library 'libnvinfer_plugin.so.7'; dlerror: libnvinfer_plugin.so.7: cannot open shared object file: No such file or directory; LD_LIBRARY_PATH: /home/ahmedb/.conda/envs/cent7/2020.11-py38/wav2letter/lib:/apps/spack/gilbreth/apps/anaconda/2020.11-py38-gcc-4.8.5-djkvkvk/lib/python3.8/site-packages:/apps/spack/gilbreth/apps/anaconda/2020.11-py38-gcc-4.8.5-djkvkvk/lib/python3.8:/apps/spack/gilbreth/apps/anaconda/2020.11-py38-gcc-4.8.5-djkvkvk/lib:/usr/lib64
2024-07-21 09:49:48.636639: W tensorflow/compiler/tf2tensorrt/utils/py_utils.cc:38] TF-TRT Warning: Cannot dlopen some TensorRT libraries. If you would like to use Nvidia GPU with TensorRT, please make sure the missing libraries mentioned above are installed properly.
2024-07-21 09:49:48.636639: W tensorflow/compiler/tf2tensorrt/utils/py_utils.cc:38] TF-TRT Warning: Cannot dlopen some TensorRT libraries. If you would like to use Nvidia GPU with TensorRT, please make sure the missing libraries mentioned above are installed properly.
2024-07-21 09:49:49.198900: W tensorflow/compiler/xla/stream_executor/platform/default/dso_loader.cc:64] Could not load dynamic library 'libnvinfer.so.7'; dlerror: libnvinfer.so.7: cannot open shared object file: No such file or directory; LD_LIBRARY_PATH: /home/ahmedb/.conda/envs/cent7/2020.11-py38/wav2letter/lib:/apps/spack/gilbreth/apps/anaconda/2020.11-py38-gcc-4.8.5-djkvkvk/lib/python3.8/site-packages:/apps/spack/gilbreth/apps/anaconda/2020.11-py38-gcc-4.8.5-djkvkvk/lib/python3.8:/apps/spack/gilbreth/apps/anaconda/2020.11-py38-gcc-4.8.5-djkvkvk/lib:/usr/lib64
2024-07-21 09:49:49.198934: W tensorflow/compiler/xla/stream_executor/platform/default/dso_loader.cc:64] Could not load dynamic library 'libnvinfer.so.7'; dlerror: libnvinfer.so.7: cannot open shared object file: No such file or directory; LD_LIBRARY_PATH: /home/ahmedb/.conda/envs/cent7/2020.11-py38/wav2letter/lib:/apps/spack/gilbreth/apps/anaconda/2020.11-py38-gcc-4.8.5-djkvkvk/lib/python3.8/site-packages:/apps/spack/gilbreth/apps/anaconda/2020.11-py38-gcc-4.8.5-djkvkvk/lib/python3.8:/apps/spack/gilbreth/apps/anaconda/2020.11-py38-gcc-4.8.5-djkvkvk/lib:/usr/lib64
2024-07-21 09:49:49.199374: W tensorflow/compiler/xla/stream_executor/platform/default/dso_loader.cc:64] Could not load dynamic library 'libnvinfer_plugin.so.7'; dlerror: libnvinfer_plugin.so.7: cannot open shared object file: No such file or directory; LD_LIBRARY_PATH: /home/ahmedb/.conda/envs/cent7/2020.11-py38/wav2letter/lib:/apps/spack/gilbreth/apps/anaconda/2020.11-py38-gcc-4.8.5-djkvkvk/lib/python3.8/site-packages:/apps/spack/gilbreth/apps/anaconda/2020.11-py38-gcc-4.8.5-djkvkvk/lib/python3.8:/apps/spack/gilbreth/apps/anaconda/2020.11-py38-gcc-4.8.5-djkvkvk/lib:/usr/lib64
2024-07-21 09:49:49.199391: W tensorflow/compiler/tf2tensorrt/utils/py_utils.cc:38] TF-TRT Warning: Cannot dlopen some TensorRT libraries. If you would like to use Nvidia GPU with TensorRT, please make sure the missing libraries mentioned above are installed properly.
2024-07-21 09:49:49.199388: W tensorflow/compiler/xla/stream_executor/platform/default/dso_loader.cc:64] Could not load dynamic library 'libnvinfer_plugin.so.7'; dlerror: libnvinfer_plugin.so.7: cannot open shared object file: No such file or directory; LD_LIBRARY_PATH: /home/ahmedb/.conda/envs/cent7/2020.11-py38/wav2letter/lib:/apps/spack/gilbreth/apps/anaconda/2020.11-py38-gcc-4.8.5-djkvkvk/lib/python3.8/site-packages:/apps/spack/gilbreth/apps/anaconda/2020.11-py38-gcc-4.8.5-djkvkvk/lib/python3.8:/apps/spack/gilbreth/apps/anaconda/2020.11-py38-gcc-4.8.5-djkvkvk/lib:/usr/lib64
2024-07-21 09:49:49.199406: W tensorflow/compiler/tf2tensorrt/utils/py_utils.cc:38] TF-TRT Warning: Cannot dlopen some TensorRT libraries. If you would like to use Nvidia GPU with TensorRT, please make sure the missing libraries mentioned above are installed properly.
/home/ahmedb/.conda/envs/cent7/2020.11-py38/wav2letter/lib/python3.8/site-packages/huggingface_hub/utils/_deprecation.py:131: FutureWarning: 'Repository' (from 'huggingface_hub.repository') is deprecated and will be removed from version '1.0'. Please prefer the http-based alternatives instead. Given its large adoption in legacy code, the complete removal is only planned on next major release.
For more details, please read https://huggingface.co/docs/huggingface_hub/concepts/git_vs_http.
  warnings.warn(warning_message, FutureWarning)
/scratch/gilbreth/ahmedb/cache/huggingface/models/wav2vec2-48KHz-audioset-natual-sounds is already a clone of https://huggingface.co/bilalhsp/wav2vec2-48KHz-audioset-natual-sounds. Make sure you pull the latest changes with `repo.git_pull()`.
/home/ahmedb/.conda/envs/cent7/2020.11-py38/wav2letter/lib/python3.8/site-packages/huggingface_hub/utils/_deprecation.py:131: FutureWarning: 'Repository' (from 'huggingface_hub.repository') is deprecated and will be removed from version '1.0'. Please prefer the http-based alternatives instead. Given its large adoption in legacy code, the complete removal is only planned on next major release.
For more details, please read https://huggingface.co/docs/huggingface_hub/concepts/git_vs_http.
  warnings.warn(warning_message, FutureWarning)
/scratch/gilbreth/ahmedb/cache/huggingface/models/wav2vec2-48KHz-audioset-natual-sounds is already a clone of https://huggingface.co/bilalhsp/wav2vec2-48KHz-audioset-natual-sounds. Make sure you pull the latest changes with `repo.git_pull()`.
The token has not been saved to the git credentials helper. Pass `add_to_git_credential=True` in this function directly or `--add-to-git-credential` if using via `huggingface-cli` if you want to set the git credential as well.
Token is valid (permission: fineGrained).
Your token has been saved to /home/ahmedb/.cache/huggingface/token
Login successful
Login to hub successful...!
Traceback (most recent call last):
  File "/home/ahmedb/.conda/envs/cent7/2020.11-py38/wav2letter/lib/python3.8/site-packages/huggingface_hub/repository.py", line 753, in git_credential_helper_store
    run_subprocess("git config credential.helper store", self.local_dir)
  File "/home/ahmedb/.conda/envs/cent7/2020.11-py38/wav2letter/lib/python3.8/site-packages/huggingface_hub/utils/_subprocess.py", line 84, in run_subprocess
    return subprocess.run(
  File "/home/ahmedb/.conda/envs/cent7/2020.11-py38/wav2letter/lib/python3.8/subprocess.py", line 512, in run
    raise CalledProcessError(retcode, process.args,
subprocess.CalledProcessError: Command '['git', 'config', 'credential.helper', 'store']' returned non-zero exit status 255.

During handling of the above exception, another exception occurred:

Traceback (most recent call last):
  File "../scripts/pretrain_wav2vec2.py", line 98, in <module>
    train_wav2vec2()
  File "../scripts/pretrain_wav2vec2.py", line 26, in train_wav2vec2
    repo = Repository(
  File "/home/ahmedb/.conda/envs/cent7/2020.11-py38/wav2letter/lib/python3.8/site-packages/huggingface_hub/utils/_validators.py", line 114, in _inner_fn
    return fn(*args, **kwargs)
  File "/home/ahmedb/.conda/envs/cent7/2020.11-py38/wav2letter/lib/python3.8/site-packages/huggingface_hub/utils/_deprecation.py", line 132, in inner_f
    return f(*args, **kwargs)
  File "/home/ahmedb/.conda/envs/cent7/2020.11-py38/wav2letter/lib/python3.8/site-packages/huggingface_hub/repository.py", line 554, in __init__
    self.git_credential_helper_store()
  File "/home/ahmedb/.conda/envs/cent7/2020.11-py38/wav2letter/lib/python3.8/site-packages/huggingface_hub/repository.py", line 755, in git_credential_helper_store
    raise EnvironmentError(exc.stderr)
OSError: error: could not lock config file .git/config: File exists

/home/ahmedb/.conda/envs/cent7/2020.11-py38/wav2letter/lib/python3.8/site-packages/huggingface_hub/utils/_deprecation.py:131: FutureWarning: 'Repository' (from 'huggingface_hub.repository') is deprecated and will be removed from version '1.0'. Please prefer the http-based alternatives instead. Given its large adoption in legacy code, the complete removal is only planned on next major release.
For more details, please read https://huggingface.co/docs/huggingface_hub/concepts/git_vs_http.
  warnings.warn(warning_message, FutureWarning)
/scratch/gilbreth/ahmedb/cache/huggingface/models/wav2vec2-48KHz-audioset-natual-sounds is already a clone of https://huggingface.co/bilalhsp/wav2vec2-48KHz-audioset-natual-sounds. Make sure you pull the latest changes with `repo.git_pull()`.
/home/ahmedb/.conda/envs/cent7/2020.11-py38/wav2letter/lib/python3.8/site-packages/huggingface_hub/utils/_deprecation.py:131: FutureWarning: 'Repository' (from 'huggingface_hub.repository') is deprecated and will be removed from version '1.0'. Please prefer the http-based alternatives instead. Given its large adoption in legacy code, the complete removal is only planned on next major release.
For more details, please read https://huggingface.co/docs/huggingface_hub/concepts/git_vs_http.
  warnings.warn(warning_message, FutureWarning)
/scratch/gilbreth/ahmedb/cache/huggingface/models/wav2vec2-48KHz-audioset-natual-sounds is already a clone of https://huggingface.co/bilalhsp/wav2vec2-48KHz-audioset-natual-sounds. Make sure you pull the latest changes with `repo.git_pull()`.
srun: error: gilbreth-b004: task 1: Exited with exit code 1
/home/ahmedb/.conda/envs/cent7/2020.11-py38/wav2letter/lib/python3.8/site-packages/transformers/training_args.py:1494: FutureWarning: `evaluation_strategy` is deprecated and will be removed in version 4.46 of ðŸ¤— Transformers. Use `eval_strategy` instead
  warnings.warn(
Detected kernel version 3.10.0, which is below the recommended minimum of 5.5.0; this can cause the process to hang. It is recommended to upgrade the kernel to the minimum version or higher.
/home/ahmedb/.conda/envs/cent7/2020.11-py38/wav2letter/lib/python3.8/site-packages/transformers/training_args.py:1494: FutureWarning: `evaluation_strategy` is deprecated and will be removed in version 4.46 of ðŸ¤— Transformers. Use `eval_strategy` instead
  warnings.warn(
Detected kernel version 3.10.0, which is below the recommended minimum of 5.5.0; this can cause the process to hang. It is recommended to upgrade the kernel to the minimum version or higher.
/home/ahmedb/.conda/envs/cent7/2020.11-py38/wav2letter/lib/python3.8/site-packages/transformers/training_args.py:1494: FutureWarning: `evaluation_strategy` is deprecated and will be removed in version 4.46 of ðŸ¤— Transformers. Use `eval_strategy` instead
  warnings.warn(
Detected kernel version 3.10.0, which is below the recommended minimum of 5.5.0; this can cause the process to hang. It is recommended to upgrade the kernel to the minimum version or higher.
srun: Job step aborted: Waiting up to 32 seconds for job step to finish.
slurmstepd: error: *** STEP 6386877.0 ON gilbreth-b004 CANCELLED AT 2024-07-21T09:54:44 ***
slurmstepd: error: *** JOB 6386877 ON gilbreth-b004 CANCELLED AT 2024-07-21T09:54:44 ***
