gilbreth-n018.rcac.purdue.edu
Total tasks: 3
Total tasks per node: 3
CPUs per task: 4
CUDA visible devices: 0,1,2
Number of nodes: 1
The following modules were not unloaded:
  (Use "module --force purge" to unload all):

  1) xalt/1.1.2
Process rank: 1
Local rank: 1
World size: 3
num_proc        : 4
batch_size      : 16
num_epochs      : 1
Process rank: 0
Local rank: 0
World size: 3
num_proc        : 4
batch_size      : 16
num_epochs      : 1
Process rank: 2
Local rank: 2
World size: 3
num_proc        : 4
batch_size      : 16
num_epochs      : 1
gilbreth-n018:27973:27973 [0] NCCL INFO NCCL_SOCKET_IFNAME set by environment to ^docker,eth,lo
gilbreth-n018:27973:27973 [0] NCCL INFO Bootstrap : Using ib0:172.18.36.171<0>
gilbreth-n018:27973:27973 [0] NCCL INFO NET/Plugin : dlerror=libnccl-net.so: cannot open shared object file: No such file or directory No plugin found (libnccl-net.so), using internal implementation
gilbreth-n018:27973:27973 [0] NCCL INFO cudaDriverVersion 12030
NCCL version 2.20.5+cuda11.0
gilbreth-n018:27973:28025 [0] NCCL INFO NCCL_SOCKET_IFNAME set by environment to ^docker,eth,lo
gilbreth-n018:27973:28025 [0] NCCL INFO NET/IB : Using [0]mlx5_0:1/IB [RO]; OOB ib0:172.18.36.171<0>
gilbreth-n018:27973:28025 [0] NCCL INFO Using non-device net plugin version 0
gilbreth-n018:27973:28025 [0] NCCL INFO Using network IB
gilbreth-n018:27974:27974 [1] NCCL INFO cudaDriverVersion 12030
gilbreth-n018:27974:27974 [1] NCCL INFO NCCL_SOCKET_IFNAME set by environment to ^docker,eth,lo
gilbreth-n018:27974:27974 [1] NCCL INFO Bootstrap : Using ib0:172.18.36.171<0>
gilbreth-n018:27974:27974 [1] NCCL INFO NET/Plugin : dlerror=libnccl-net.so: cannot open shared object file: No such file or directory No plugin found (libnccl-net.so), using internal implementation
gilbreth-n018:27975:27975 [2] NCCL INFO cudaDriverVersion 12030
gilbreth-n018:27975:27975 [2] NCCL INFO NCCL_SOCKET_IFNAME set by environment to ^docker,eth,lo
gilbreth-n018:27975:27975 [2] NCCL INFO Bootstrap : Using ib0:172.18.36.171<0>
gilbreth-n018:27975:27975 [2] NCCL INFO NET/Plugin : dlerror=libnccl-net.so: cannot open shared object file: No such file or directory No plugin found (libnccl-net.so), using internal implementation
gilbreth-n018:27974:28031 [1] NCCL INFO NCCL_SOCKET_IFNAME set by environment to ^docker,eth,lo
gilbreth-n018:27974:28031 [1] NCCL INFO NET/IB : Using [0]mlx5_0:1/IB [RO]; OOB ib0:172.18.36.171<0>
gilbreth-n018:27974:28031 [1] NCCL INFO Using non-device net plugin version 0
gilbreth-n018:27974:28031 [1] NCCL INFO Using network IB
gilbreth-n018:27975:28032 [2] NCCL INFO NCCL_SOCKET_IFNAME set by environment to ^docker,eth,lo
gilbreth-n018:27975:28032 [2] NCCL INFO NET/IB : Using [0]mlx5_0:1/IB [RO]; OOB ib0:172.18.36.171<0>
gilbreth-n018:27975:28032 [2] NCCL INFO Using non-device net plugin version 0
gilbreth-n018:27975:28032 [2] NCCL INFO Using network IB
gilbreth-n018:27975:28032 [2] NCCL INFO comm 0x55eb4ebbe610 rank 2 nranks 3 cudaDev 2 nvmlDev 2 busId 81000 commId 0x4a9556b68adb0477 - Init START
gilbreth-n018:27973:28025 [0] NCCL INFO comm 0x5590f44a7d20 rank 0 nranks 3 cudaDev 0 nvmlDev 0 busId 1000 commId 0x4a9556b68adb0477 - Init START
gilbreth-n018:27974:28031 [1] NCCL INFO comm 0x564ab7cc9b20 rank 1 nranks 3 cudaDev 1 nvmlDev 1 busId 41000 commId 0x4a9556b68adb0477 - Init START
gilbreth-n018:27973:28025 [0] NCCL INFO comm 0x5590f44a7d20 rank 0 nRanks 3 nNodes 1 localRanks 3 localRank 0 MNNVL 0
gilbreth-n018:27975:28032 [2] NCCL INFO comm 0x55eb4ebbe610 rank 2 nRanks 3 nNodes 1 localRanks 3 localRank 2 MNNVL 0
gilbreth-n018:27974:28031 [1] NCCL INFO comm 0x564ab7cc9b20 rank 1 nRanks 3 nNodes 1 localRanks 3 localRank 1 MNNVL 0
gilbreth-n018:27973:28025 [0] NCCL INFO Channel 00/16 :    0   1   2
gilbreth-n018:27973:28025 [0] NCCL INFO Channel 01/16 :    0   1   2
gilbreth-n018:27973:28025 [0] NCCL INFO Channel 02/16 :    0   2   1
gilbreth-n018:27973:28025 [0] NCCL INFO Channel 03/16 :    0   2   1
gilbreth-n018:27975:28032 [2] NCCL INFO Trees [0] -1/-1/-1->2->1 [1] -1/-1/-1->2->1 [2] -1/-1/-1->2->1 [3] -1/-1/-1->2->1 [4] 1/-1/-1->2->0 [5] 1/-1/-1->2->0 [6] 1/-1/-1->2->0 [7] 1/-1/-1->2->0 [8] -1/-1/-1->2->1 [9] -1/-1/-1->2->1 [10] -1/-1/-1->2->1 [11] -1/-1/-1->2->1 [12] 1/-1/-1->2->0 [13] 1/-1/-1->2->0 [14] 1/-1/-1->2->0 [15] 1/-1/-1->2->0
gilbreth-n018:27973:28025 [0] NCCL INFO Channel 04/16 :    0   1   2
gilbreth-n018:27973:28025 [0] NCCL INFO Channel 05/16 :    0   1   2
gilbreth-n018:27975:28032 [2] NCCL INFO P2P Chunksize set to 524288
gilbreth-n018:27973:28025 [0] NCCL INFO Channel 06/16 :    0   2   1
gilbreth-n018:27973:28025 [0] NCCL INFO Channel 07/16 :    0   2   1
gilbreth-n018:27973:28025 [0] NCCL INFO Channel 08/16 :    0   1   2
gilbreth-n018:27973:28025 [0] NCCL INFO Channel 09/16 :    0   1   2
gilbreth-n018:27973:28025 [0] NCCL INFO Channel 10/16 :    0   2   1
gilbreth-n018:27973:28025 [0] NCCL INFO Channel 11/16 :    0   2   1
gilbreth-n018:27973:28025 [0] NCCL INFO Channel 12/16 :    0   1   2
gilbreth-n018:27973:28025 [0] NCCL INFO Channel 13/16 :    0   1   2
gilbreth-n018:27973:28025 [0] NCCL INFO Channel 14/16 :    0   2   1
gilbreth-n018:27973:28025 [0] NCCL INFO Channel 15/16 :    0   2   1
gilbreth-n018:27974:28031 [1] NCCL INFO Trees [0] 2/-1/-1->1->0 [1] 2/-1/-1->1->0 [2] 2/-1/-1->1->0 [3] 2/-1/-1->1->0 [4] -1/-1/-1->1->2 [5] -1/-1/-1->1->2 [6] -1/-1/-1->1->2 [7] -1/-1/-1->1->2 [8] 2/-1/-1->1->0 [9] 2/-1/-1->1->0 [10] 2/-1/-1->1->0 [11] 2/-1/-1->1->0 [12] -1/-1/-1->1->2 [13] -1/-1/-1->1->2 [14] -1/-1/-1->1->2 [15] -1/-1/-1->1->2
gilbreth-n018:27973:28025 [0] NCCL INFO Trees [0] 1/-1/-1->0->-1 [1] 1/-1/-1->0->-1 [2] 1/-1/-1->0->-1 [3] 1/-1/-1->0->-1 [4] 2/-1/-1->0->-1 [5] 2/-1/-1->0->-1 [6] 2/-1/-1->0->-1 [7] 2/-1/-1->0->-1 [8] 1/-1/-1->0->-1 [9] 1/-1/-1->0->-1 [10] 1/-1/-1->0->-1 [11] 1/-1/-1->0->-1 [12] 2/-1/-1->0->-1 [13] 2/-1/-1->0->-1 [14] 2/-1/-1->0->-1 [15] 2/-1/-1->0->-1
gilbreth-n018:27974:28031 [1] NCCL INFO P2P Chunksize set to 524288
gilbreth-n018:27973:28025 [0] NCCL INFO P2P Chunksize set to 524288
gilbreth-n018:27974:28031 [1] NCCL INFO Channel 00/0 : 1[1] -> 2[2] via P2P/IPC/read
gilbreth-n018:27975:28032 [2] NCCL INFO Channel 00/0 : 2[2] -> 0[0] via P2P/IPC/read
gilbreth-n018:27974:28031 [1] NCCL INFO Channel 01/0 : 1[1] -> 2[2] via P2P/IPC/read
gilbreth-n018:27975:28032 [2] NCCL INFO Channel 01/0 : 2[2] -> 0[0] via P2P/IPC/read
gilbreth-n018:27974:28031 [1] NCCL INFO Channel 04/0 : 1[1] -> 2[2] via P2P/IPC/read
gilbreth-n018:27975:28032 [2] NCCL INFO Channel 04/0 : 2[2] -> 0[0] via P2P/IPC/read
gilbreth-n018:27973:28025 [0] NCCL INFO Channel 00/0 : 0[0] -> 1[1] via P2P/IPC/read
gilbreth-n018:27974:28031 [1] NCCL INFO Channel 05/0 : 1[1] -> 2[2] via P2P/IPC/read
gilbreth-n018:27975:28032 [2] NCCL INFO Channel 05/0 : 2[2] -> 0[0] via P2P/IPC/read
gilbreth-n018:27973:28025 [0] NCCL INFO Channel 01/0 : 0[0] -> 1[1] via P2P/IPC/read
gilbreth-n018:27975:28032 [2] NCCL INFO Channel 08/0 : 2[2] -> 0[0] via P2P/IPC/read
gilbreth-n018:27974:28031 [1] NCCL INFO Channel 08/0 : 1[1] -> 2[2] via P2P/IPC/read
gilbreth-n018:27973:28025 [0] NCCL INFO Channel 04/0 : 0[0] -> 1[1] via P2P/IPC/read
gilbreth-n018:27975:28032 [2] NCCL INFO Channel 09/0 : 2[2] -> 0[0] via P2P/IPC/read
gilbreth-n018:27974:28031 [1] NCCL INFO Channel 09/0 : 1[1] -> 2[2] via P2P/IPC/read
gilbreth-n018:27973:28025 [0] NCCL INFO Channel 05/0 : 0[0] -> 1[1] via P2P/IPC/read
gilbreth-n018:27975:28032 [2] NCCL INFO Channel 12/0 : 2[2] -> 0[0] via P2P/IPC/read
gilbreth-n018:27974:28031 [1] NCCL INFO Channel 12/0 : 1[1] -> 2[2] via P2P/IPC/read
gilbreth-n018:27975:28032 [2] NCCL INFO Channel 13/0 : 2[2] -> 0[0] via P2P/IPC/read
gilbreth-n018:27973:28025 [0] NCCL INFO Channel 08/0 : 0[0] -> 1[1] via P2P/IPC/read
gilbreth-n018:27974:28031 [1] NCCL INFO Channel 13/0 : 1[1] -> 2[2] via P2P/IPC/read
gilbreth-n018:27973:28025 [0] NCCL INFO Channel 09/0 : 0[0] -> 1[1] via P2P/IPC/read
gilbreth-n018:27973:28025 [0] NCCL INFO Channel 12/0 : 0[0] -> 1[1] via P2P/IPC/read
gilbreth-n018:27973:28025 [0] NCCL INFO Channel 13/0 : 0[0] -> 1[1] via P2P/IPC/read
gilbreth-n018:27975:28032 [2] NCCL INFO Channel 02/0 : 2[2] -> 1[1] via P2P/IPC/read
gilbreth-n018:27974:28031 [1] NCCL INFO Channel 02/0 : 1[1] -> 0[0] via P2P/IPC/read
gilbreth-n018:27975:28032 [2] NCCL INFO Channel 03/0 : 2[2] -> 1[1] via P2P/IPC/read
gilbreth-n018:27974:28031 [1] NCCL INFO Channel 03/0 : 1[1] -> 0[0] via P2P/IPC/read
gilbreth-n018:27973:28025 [0] NCCL INFO Channel 02/0 : 0[0] -> 2[2] via P2P/IPC/read
gilbreth-n018:27975:28032 [2] NCCL INFO Channel 06/0 : 2[2] -> 1[1] via P2P/IPC/read
gilbreth-n018:27974:28031 [1] NCCL INFO Channel 06/0 : 1[1] -> 0[0] via P2P/IPC/read
gilbreth-n018:27973:28025 [0] NCCL INFO Channel 03/0 : 0[0] -> 2[2] via P2P/IPC/read
gilbreth-n018:27975:28032 [2] NCCL INFO Channel 07/0 : 2[2] -> 1[1] via P2P/IPC/read
gilbreth-n018:27974:28031 [1] NCCL INFO Channel 07/0 : 1[1] -> 0[0] via P2P/IPC/read
gilbreth-n018:27975:28032 [2] NCCL INFO Channel 10/0 : 2[2] -> 1[1] via P2P/IPC/read
gilbreth-n018:27973:28025 [0] NCCL INFO Channel 06/0 : 0[0] -> 2[2] via P2P/IPC/read
gilbreth-n018:27974:28031 [1] NCCL INFO Channel 10/0 : 1[1] -> 0[0] via P2P/IPC/read
gilbreth-n018:27975:28032 [2] NCCL INFO Channel 11/0 : 2[2] -> 1[1] via P2P/IPC/read
gilbreth-n018:27973:28025 [0] NCCL INFO Channel 07/0 : 0[0] -> 2[2] via P2P/IPC/read
gilbreth-n018:27974:28031 [1] NCCL INFO Channel 11/0 : 1[1] -> 0[0] via P2P/IPC/read
gilbreth-n018:27975:28032 [2] NCCL INFO Channel 14/0 : 2[2] -> 1[1] via P2P/IPC/read
gilbreth-n018:27975:28032 [2] NCCL INFO Channel 15/0 : 2[2] -> 1[1] via P2P/IPC/read
gilbreth-n018:27974:28031 [1] NCCL INFO Channel 14/0 : 1[1] -> 0[0] via P2P/IPC/read
gilbreth-n018:27973:28025 [0] NCCL INFO Channel 10/0 : 0[0] -> 2[2] via P2P/IPC/read
gilbreth-n018:27974:28031 [1] NCCL INFO Channel 15/0 : 1[1] -> 0[0] via P2P/IPC/read
gilbreth-n018:27973:28025 [0] NCCL INFO Channel 11/0 : 0[0] -> 2[2] via P2P/IPC/read
gilbreth-n018:27973:28025 [0] NCCL INFO Channel 14/0 : 0[0] -> 2[2] via P2P/IPC/read
gilbreth-n018:27973:28025 [0] NCCL INFO Channel 15/0 : 0[0] -> 2[2] via P2P/IPC/read
gilbreth-n018:27973:28025 [0] NCCL INFO Connected all rings
gilbreth-n018:27975:28032 [2] NCCL INFO Connected all rings
gilbreth-n018:27974:28031 [1] NCCL INFO Connected all rings
gilbreth-n018:27973:28025 [0] NCCL INFO Channel 02/0 : 0[0] -> 1[1] via P2P/IPC/read
gilbreth-n018:27973:28025 [0] NCCL INFO Channel 03/0 : 0[0] -> 1[1] via P2P/IPC/read
gilbreth-n018:27974:28031 [1] NCCL INFO Channel 02/0 : 1[1] -> 2[2] via P2P/IPC/read
gilbreth-n018:27973:28025 [0] NCCL INFO Channel 10/0 : 0[0] -> 1[1] via P2P/IPC/read
gilbreth-n018:27974:28031 [1] NCCL INFO Channel 03/0 : 1[1] -> 2[2] via P2P/IPC/read
gilbreth-n018:27973:28025 [0] NCCL INFO Channel 11/0 : 0[0] -> 1[1] via P2P/IPC/read
gilbreth-n018:27974:28031 [1] NCCL INFO Channel 06/0 : 1[1] -> 2[2] via P2P/IPC/read
gilbreth-n018:27975:28032 [2] NCCL INFO Channel 06/0 : 2[2] -> 0[0] via P2P/IPC/read
gilbreth-n018:27974:28031 [1] NCCL INFO Channel 07/0 : 1[1] -> 2[2] via P2P/IPC/read
gilbreth-n018:27975:28032 [2] NCCL INFO Channel 07/0 : 2[2] -> 0[0] via P2P/IPC/read
gilbreth-n018:27974:28031 [1] NCCL INFO Channel 10/0 : 1[1] -> 2[2] via P2P/IPC/read
gilbreth-n018:27975:28032 [2] NCCL INFO Channel 14/0 : 2[2] -> 0[0] via P2P/IPC/read
gilbreth-n018:27974:28031 [1] NCCL INFO Channel 11/0 : 1[1] -> 2[2] via P2P/IPC/read
gilbreth-n018:27975:28032 [2] NCCL INFO Channel 15/0 : 2[2] -> 0[0] via P2P/IPC/read
gilbreth-n018:27974:28031 [1] NCCL INFO Channel 14/0 : 1[1] -> 2[2] via P2P/IPC/read
gilbreth-n018:27974:28031 [1] NCCL INFO Channel 15/0 : 1[1] -> 2[2] via P2P/IPC/read
gilbreth-n018:27975:28032 [2] NCCL INFO Channel 00/0 : 2[2] -> 1[1] via P2P/IPC/read
gilbreth-n018:27973:28025 [0] NCCL INFO Channel 04/0 : 0[0] -> 2[2] via P2P/IPC/read
gilbreth-n018:27975:28032 [2] NCCL INFO Channel 01/0 : 2[2] -> 1[1] via P2P/IPC/read
gilbreth-n018:27975:28032 [2] NCCL INFO Channel 04/0 : 2[2] -> 1[1] via P2P/IPC/read
gilbreth-n018:27973:28025 [0] NCCL INFO Channel 05/0 : 0[0] -> 2[2] via P2P/IPC/read
gilbreth-n018:27975:28032 [2] NCCL INFO Channel 05/0 : 2[2] -> 1[1] via P2P/IPC/read
gilbreth-n018:27975:28032 [2] NCCL INFO Channel 08/0 : 2[2] -> 1[1] via P2P/IPC/read
gilbreth-n018:27973:28025 [0] NCCL INFO Channel 12/0 : 0[0] -> 2[2] via P2P/IPC/read
gilbreth-n018:27974:28031 [1] NCCL INFO Channel 00/0 : 1[1] -> 0[0] via P2P/IPC/read
gilbreth-n018:27975:28032 [2] NCCL INFO Channel 09/0 : 2[2] -> 1[1] via P2P/IPC/read
gilbreth-n018:27973:28025 [0] NCCL INFO Channel 13/0 : 0[0] -> 2[2] via P2P/IPC/read
gilbreth-n018:27974:28031 [1] NCCL INFO Channel 01/0 : 1[1] -> 0[0] via P2P/IPC/read
gilbreth-n018:27975:28032 [2] NCCL INFO Channel 12/0 : 2[2] -> 1[1] via P2P/IPC/read
gilbreth-n018:27975:28032 [2] NCCL INFO Channel 13/0 : 2[2] -> 1[1] via P2P/IPC/read
gilbreth-n018:27974:28031 [1] NCCL INFO Channel 08/0 : 1[1] -> 0[0] via P2P/IPC/read
gilbreth-n018:27974:28031 [1] NCCL INFO Channel 09/0 : 1[1] -> 0[0] via P2P/IPC/read
gilbreth-n018:27973:28025 [0] NCCL INFO Connected all trees
gilbreth-n018:27975:28032 [2] NCCL INFO Connected all trees
gilbreth-n018:27973:28025 [0] NCCL INFO threadThresholds 8/8/64 | 24/8/64 | 512 | 512
gilbreth-n018:27974:28031 [1] NCCL INFO Connected all trees
gilbreth-n018:27973:28025 [0] NCCL INFO 16 coll channels, 0 collnet channels, 0 nvls channels, 16 p2p channels, 8 p2p channels per peer
gilbreth-n018:27975:28032 [2] NCCL INFO threadThresholds 8/8/64 | 24/8/64 | 512 | 512
gilbreth-n018:27975:28032 [2] NCCL INFO 16 coll channels, 0 collnet channels, 0 nvls channels, 16 p2p channels, 8 p2p channels per peer
gilbreth-n018:27974:28031 [1] NCCL INFO threadThresholds 8/8/64 | 24/8/64 | 512 | 512
gilbreth-n018:27974:28031 [1] NCCL INFO 16 coll channels, 0 collnet channels, 0 nvls channels, 16 p2p channels, 8 p2p channels per peer
gilbreth-n018:27975:28032 [2] NCCL INFO comm 0x55eb4ebbe610 rank 2 nranks 3 cudaDev 2 nvmlDev 2 busId 81000 commId 0x4a9556b68adb0477 - Init COMPLETE
gilbreth-n018:27973:28025 [0] NCCL INFO comm 0x5590f44a7d20 rank 0 nranks 3 cudaDev 0 nvmlDev 0 busId 1000 commId 0x4a9556b68adb0477 - Init COMPLETE
gilbreth-n018:27974:28031 [1] NCCL INFO comm 0x564ab7cc9b20 rank 1 nranks 3 cudaDev 1 nvmlDev 1 busId 41000 commId 0x4a9556b68adb0477 - Init COMPLETE
The token has not been saved to the git credentials helper. Pass `add_to_git_credential=True` in this function directly or `--add-to-git-credential` if using via `huggingface-cli` if you want to set the git credential as well.
Token is valid (permission: fineGrained).
Your token has been saved to /home/ahmedb/.cache/huggingface/token
Login successful
Login to hub successful...!
[rank0]: Traceback (most recent call last):
[rank0]:   File "/home/ahmedb/.conda/envs/cent7/2020.11-py38/wav2letter/lib/python3.8/site-packages/torch/cuda/__init__.py", line 306, in _lazy_init
[rank0]:     queued_call()
[rank0]:   File "/home/ahmedb/.conda/envs/cent7/2020.11-py38/wav2letter/lib/python3.8/site-packages/torch/cuda/__init__.py", line 174, in _check_capability
[rank0]:     capability = get_device_capability(d)
[rank0]:   File "/home/ahmedb/.conda/envs/cent7/2020.11-py38/wav2letter/lib/python3.8/site-packages/torch/cuda/__init__.py", line 430, in get_device_capability
[rank0]:     prop = get_device_properties(device)
[rank0]:   File "/home/ahmedb/.conda/envs/cent7/2020.11-py38/wav2letter/lib/python3.8/site-packages/torch/cuda/__init__.py", line 448, in get_device_properties
[rank0]:     return _get_device_properties(device)  # type: ignore[name-defined]
[rank0]: RuntimeError: CUDA error: unknown error
[rank0]: CUDA kernel errors might be asynchronously reported at some other API call, so the stacktrace below might be incorrect.
[rank0]: For debugging consider passing CUDA_LAUNCH_BLOCKING=1.
[rank0]: Compile with `TORCH_USE_CUDA_DSA` to enable device-side assertions.


[rank0]: The above exception was the direct cause of the following exception:

[rank0]: Traceback (most recent call last):
[rank0]:   File "../scripts/pretrain_wav2vec2.py", line 168, in <module>
[rank0]:     train_wav2vec2(args)
[rank0]:   File "../scripts/pretrain_wav2vec2.py", line 62, in train_wav2vec2
[rank0]:     training_args = TrainingArguments(
[rank0]:   File "<string>", line 129, in __init__
[rank0]:   File "/home/ahmedb/.conda/envs/cent7/2020.11-py38/wav2letter/lib/python3.8/site-packages/transformers/training_args.py", line 1693, in __post_init__
[rank0]:     self.device
[rank0]:   File "/home/ahmedb/.conda/envs/cent7/2020.11-py38/wav2letter/lib/python3.8/site-packages/transformers/training_args.py", line 2171, in device
[rank0]:     return self._setup_devices
[rank0]:   File "/home/ahmedb/.conda/envs/cent7/2020.11-py38/wav2letter/lib/python3.8/site-packages/transformers/utils/generic.py", line 60, in __get__
[rank0]:     cached = self.fget(obj)
[rank0]:   File "/home/ahmedb/.conda/envs/cent7/2020.11-py38/wav2letter/lib/python3.8/site-packages/transformers/training_args.py", line 2108, in _setup_devices
[rank0]:     self.distributed_state = PartialState(**accelerator_state_kwargs)
[rank0]:   File "/home/ahmedb/.conda/envs/cent7/2020.11-py38/wav2letter/lib/python3.8/site-packages/accelerate/state.py", line 280, in __init__
[rank0]:     self.set_device()
[rank0]:   File "/home/ahmedb/.conda/envs/cent7/2020.11-py38/wav2letter/lib/python3.8/site-packages/accelerate/state.py", line 790, in set_device
[rank0]:     torch.cuda.set_device(self.device)
[rank0]:   File "/home/ahmedb/.conda/envs/cent7/2020.11-py38/wav2letter/lib/python3.8/site-packages/torch/cuda/__init__.py", line 399, in set_device
[rank0]:     torch._C._cuda_setDevice(device)
[rank0]:   File "/home/ahmedb/.conda/envs/cent7/2020.11-py38/wav2letter/lib/python3.8/site-packages/torch/cuda/__init__.py", line 312, in _lazy_init
[rank0]:     raise DeferredCudaCallError(msg) from e
[rank0]: torch.cuda.DeferredCudaCallError: CUDA call failed lazily at initialization with error: CUDA error: unknown error
[rank0]: CUDA kernel errors might be asynchronously reported at some other API call, so the stacktrace below might be incorrect.
[rank0]: For debugging consider passing CUDA_LAUNCH_BLOCKING=1.
[rank0]: Compile with `TORCH_USE_CUDA_DSA` to enable device-side assertions.


[rank0]: CUDA call was originally invoked at:

[rank0]:   File "../scripts/pretrain_wav2vec2.py", line 7, in <module>
[rank0]:     from transformers import TrainingArguments, Trainer
[rank0]:   File "<frozen importlib._bootstrap>", line 991, in _find_and_load
[rank0]:   File "<frozen importlib._bootstrap>", line 975, in _find_and_load_unlocked
[rank0]:   File "<frozen importlib._bootstrap>", line 671, in _load_unlocked
[rank0]:   File "<frozen importlib._bootstrap_external>", line 783, in exec_module
[rank0]:   File "<frozen importlib._bootstrap>", line 219, in _call_with_frames_removed
[rank0]:   File "/home/ahmedb/.conda/envs/cent7/2020.11-py38/wav2letter/lib/python3.8/site-packages/transformers/__init__.py", line 26, in <module>
[rank0]:     from . import dependency_versions_check
[rank0]:   File "<frozen importlib._bootstrap>", line 1042, in _handle_fromlist
[rank0]:   File "<frozen importlib._bootstrap>", line 219, in _call_with_frames_removed
[rank0]:   File "<frozen importlib._bootstrap>", line 991, in _find_and_load
[rank0]:   File "<frozen importlib._bootstrap>", line 975, in _find_and_load_unlocked
[rank0]:   File "<frozen importlib._bootstrap>", line 671, in _load_unlocked
[rank0]:   File "<frozen importlib._bootstrap_external>", line 783, in exec_module
[rank0]:   File "<frozen importlib._bootstrap>", line 219, in _call_with_frames_removed
[rank0]:   File "/home/ahmedb/.conda/envs/cent7/2020.11-py38/wav2letter/lib/python3.8/site-packages/transformers/dependency_versions_check.py", line 16, in <module>
[rank0]:     from .utils.versions import require_version, require_version_core
[rank0]:   File "<frozen importlib._bootstrap>", line 991, in _find_and_load
[rank0]:   File "<frozen importlib._bootstrap>", line 961, in _find_and_load_unlocked
[rank0]:   File "<frozen importlib._bootstrap>", line 219, in _call_with_frames_removed
[rank0]:   File "<frozen importlib._bootstrap>", line 991, in _find_and_load
[rank0]:   File "<frozen importlib._bootstrap>", line 975, in _find_and_load_unlocked
[rank0]:   File "<frozen importlib._bootstrap>", line 671, in _load_unlocked
[rank0]:   File "<frozen importlib._bootstrap_external>", line 783, in exec_module
[rank0]:   File "<frozen importlib._bootstrap>", line 219, in _call_with_frames_removed
[rank0]:   File "/home/ahmedb/.conda/envs/cent7/2020.11-py38/wav2letter/lib/python3.8/site-packages/transformers/utils/__init__.py", line 34, in <module>
[rank0]:     from .generic import (
[rank0]:   File "<frozen importlib._bootstrap>", line 991, in _find_and_load
[rank0]:   File "<frozen importlib._bootstrap>", line 975, in _find_and_load_unlocked
[rank0]:   File "<frozen importlib._bootstrap>", line 671, in _load_unlocked
[rank0]:   File "<frozen importlib._bootstrap_external>", line 783, in exec_module
[rank0]:   File "<frozen importlib._bootstrap>", line 219, in _call_with_frames_removed
[rank0]:   File "/home/ahmedb/.conda/envs/cent7/2020.11-py38/wav2letter/lib/python3.8/site-packages/transformers/utils/generic.py", line 462, in <module>
[rank0]:     import torch.utils._pytree as _torch_pytree
[rank0]:   File "<frozen importlib._bootstrap>", line 991, in _find_and_load
[rank0]:   File "<frozen importlib._bootstrap>", line 961, in _find_and_load_unlocked
[rank0]:   File "<frozen importlib._bootstrap>", line 219, in _call_with_frames_removed
[rank0]:   File "<frozen importlib._bootstrap>", line 991, in _find_and_load
[rank0]:   File "<frozen importlib._bootstrap>", line 961, in _find_and_load_unlocked
[rank0]:   File "<frozen importlib._bootstrap>", line 219, in _call_with_frames_removed
[rank0]:   File "<frozen importlib._bootstrap>", line 991, in _find_and_load
[rank0]:   File "<frozen importlib._bootstrap>", line 975, in _find_and_load_unlocked
[rank0]:   File "<frozen importlib._bootstrap>", line 671, in _load_unlocked
[rank0]:   File "<frozen importlib._bootstrap_external>", line 783, in exec_module
[rank0]:   File "<frozen importlib._bootstrap>", line 219, in _call_with_frames_removed
[rank0]:   File "/home/ahmedb/.conda/envs/cent7/2020.11-py38/wav2letter/lib/python3.8/site-packages/torch/__init__.py", line 1480, in <module>
[rank0]:     _C._initExtension(manager_path())
[rank0]:   File "<frozen importlib._bootstrap>", line 991, in _find_and_load
[rank0]:   File "<frozen importlib._bootstrap>", line 975, in _find_and_load_unlocked
[rank0]:   File "<frozen importlib._bootstrap>", line 671, in _load_unlocked
[rank0]:   File "<frozen importlib._bootstrap_external>", line 783, in exec_module
[rank0]:   File "<frozen importlib._bootstrap>", line 219, in _call_with_frames_removed
[rank0]:   File "/home/ahmedb/.conda/envs/cent7/2020.11-py38/wav2letter/lib/python3.8/site-packages/torch/cuda/__init__.py", line 238, in <module>
[rank0]:     _lazy_call(_check_capability)
[rank0]:   File "/home/ahmedb/.conda/envs/cent7/2020.11-py38/wav2letter/lib/python3.8/site-packages/torch/cuda/__init__.py", line 235, in _lazy_call
[rank0]:     _queued_calls.append((callable, traceback.format_stack()))

slurmstepd: error: *** JOB 6387763 ON gilbreth-n018 CANCELLED AT 2024-07-21T19:45:23 ***
slurmstepd: error: *** JOB 6387763 STEPD TERMINATED ON gilbreth-n018 AT 2024-07-21T19:49:33 DUE TO JOB NOT ENDING WITH SIGNALS ***
slurmstepd: error: Container 27908 in cgroup plugin has 3 processes, giving up after 255 sec
