gilbreth-c002.rcac.purdue.edu
Total tasks: 4
Total tasks per node: 4
CPUs per task: 2
CUDA visible devices: 0,1,2,3
Number of nodes: 1
The following modules were not unloaded:
  (Use "module --force purge" to unload all):

  1) xalt/1.1.2
Process rank: 1
Local rank: 1
World size: 4
num_proc        : 2
batch_size      : 16
num_epochs      : 1
Process rank: 3
Local rank: 3
World size: 4
num_proc        : 2
batch_size      : 16
num_epochs      : 1
Process rank: 2
Local rank: 2
World size: 4
num_proc        : 2
batch_size      : 16
num_epochs      : 1
Process rank: 0
Local rank: 0
World size: 4
num_proc        : 2
batch_size      : 16
num_epochs      : 1
gilbreth-c002:143689:143689 [0] NCCL INFO NCCL_SOCKET_IFNAME set by environment to ^docker,eth,lo
gilbreth-c002:143689:143689 [0] NCCL INFO Bootstrap : Using ib0:172.18.36.32<0>
gilbreth-c002:143689:143689 [0] NCCL INFO NET/Plugin : dlerror=libnccl-net.so: cannot open shared object file: No such file or directory No plugin found (libnccl-net.so), using internal implementation
gilbreth-c002:143689:143689 [0] NCCL INFO cudaDriverVersion 12030
NCCL version 2.20.5+cuda11.0
gilbreth-c002:143690:143690 [1] NCCL INFO cudaDriverVersion 12030
gilbreth-c002:143690:143690 [1] NCCL INFO NCCL_SOCKET_IFNAME set by environment to ^docker,eth,lo
gilbreth-c002:143690:143690 [1] NCCL INFO Bootstrap : Using ib0:172.18.36.32<0>
gilbreth-c002:143690:143690 [1] NCCL INFO NET/Plugin : dlerror=libnccl-net.so: cannot open shared object file: No such file or directory No plugin found (libnccl-net.so), using internal implementation
gilbreth-c002:143691:143691 [2] NCCL INFO cudaDriverVersion 12030
gilbreth-c002:143691:143691 [2] NCCL INFO NCCL_SOCKET_IFNAME set by environment to ^docker,eth,lo
gilbreth-c002:143691:143691 [2] NCCL INFO Bootstrap : Using ib0:172.18.36.32<0>
gilbreth-c002:143691:143691 [2] NCCL INFO NET/Plugin : dlerror=libnccl-net.so: cannot open shared object file: No such file or directory No plugin found (libnccl-net.so), using internal implementation
gilbreth-c002:143692:143692 [3] NCCL INFO cudaDriverVersion 12030
gilbreth-c002:143692:143692 [3] NCCL INFO NCCL_SOCKET_IFNAME set by environment to ^docker,eth,lo
gilbreth-c002:143692:143692 [3] NCCL INFO Bootstrap : Using ib0:172.18.36.32<0>
gilbreth-c002:143692:143692 [3] NCCL INFO NET/Plugin : dlerror=libnccl-net.so: cannot open shared object file: No such file or directory No plugin found (libnccl-net.so), using internal implementation
gilbreth-c002:143689:143750 [0] NCCL INFO NCCL_SOCKET_IFNAME set by environment to ^docker,eth,lo
gilbreth-c002:143689:143750 [0] NCCL INFO NET/IB : Using [0]mlx5_0:1/IB [RO]; OOB ib0:172.18.36.32<0>
gilbreth-c002:143689:143750 [0] NCCL INFO Using non-device net plugin version 0
gilbreth-c002:143689:143750 [0] NCCL INFO Using network IB
gilbreth-c002:143690:143752 [1] NCCL INFO NCCL_SOCKET_IFNAME set by environment to ^docker,eth,lo
gilbreth-c002:143690:143752 [1] NCCL INFO NET/IB : Using [0]mlx5_0:1/IB [RO]; OOB ib0:172.18.36.32<0>
gilbreth-c002:143690:143752 [1] NCCL INFO Using non-device net plugin version 0
gilbreth-c002:143690:143752 [1] NCCL INFO Using network IB
gilbreth-c002:143691:143754 [2] NCCL INFO NCCL_SOCKET_IFNAME set by environment to ^docker,eth,lo
gilbreth-c002:143691:143754 [2] NCCL INFO NET/IB : Using [0]mlx5_0:1/IB [RO]; OOB ib0:172.18.36.32<0>
gilbreth-c002:143691:143754 [2] NCCL INFO Using non-device net plugin version 0
gilbreth-c002:143691:143754 [2] NCCL INFO Using network IB
gilbreth-c002:143692:143758 [3] NCCL INFO NCCL_SOCKET_IFNAME set by environment to ^docker,eth,lo
gilbreth-c002:143692:143758 [3] NCCL INFO NET/IB : Using [0]mlx5_0:1/IB [RO]; OOB ib0:172.18.36.32<0>
gilbreth-c002:143692:143758 [3] NCCL INFO Using non-device net plugin version 0
gilbreth-c002:143692:143758 [3] NCCL INFO Using network IB
gilbreth-c002:143692:143758 [3] NCCL INFO comm 0x55ad5114c210 rank 3 nranks 4 cudaDev 3 nvmlDev 3 busId 8a000 commId 0x97441ee1fc9c10a0 - Init START
gilbreth-c002:143689:143750 [0] NCCL INFO comm 0x5562dca8f8a0 rank 0 nranks 4 cudaDev 0 nvmlDev 0 busId 61000 commId 0x97441ee1fc9c10a0 - Init START
gilbreth-c002:143690:143752 [1] NCCL INFO comm 0x5603c0be2e70 rank 1 nranks 4 cudaDev 1 nvmlDev 1 busId 62000 commId 0x97441ee1fc9c10a0 - Init START
gilbreth-c002:143691:143754 [2] NCCL INFO comm 0x55ca18d205c0 rank 2 nranks 4 cudaDev 2 nvmlDev 2 busId 89000 commId 0x97441ee1fc9c10a0 - Init START
gilbreth-c002:143692:143758 [3] NCCL INFO Setting affinity for GPU 3 to 0ffc00
gilbreth-c002:143691:143754 [2] NCCL INFO Setting affinity for GPU 2 to 0ffc00
gilbreth-c002:143690:143752 [1] NCCL INFO Setting affinity for GPU 1 to 03ff
gilbreth-c002:143689:143750 [0] NCCL INFO Setting affinity for GPU 0 to 03ff
gilbreth-c002:143692:143758 [3] NCCL INFO comm 0x55ad5114c210 rank 3 nRanks 4 nNodes 1 localRanks 4 localRank 3 MNNVL 0
gilbreth-c002:143689:143750 [0] NCCL INFO comm 0x5562dca8f8a0 rank 0 nRanks 4 nNodes 1 localRanks 4 localRank 0 MNNVL 0
gilbreth-c002:143691:143754 [2] NCCL INFO comm 0x55ca18d205c0 rank 2 nRanks 4 nNodes 1 localRanks 4 localRank 2 MNNVL 0
gilbreth-c002:143692:143758 [3] NCCL INFO Trees [0] -1/-1/-1->3->2 [1] -1/-1/-1->3->2 [2] -1/-1/-1->3->1 [3] -1/-1/-1->3->1 [4] 2/-1/-1->3->0 [5] 2/-1/-1->3->0 [6] -1/-1/-1->3->2 [7] -1/-1/-1->3->2 [8] -1/-1/-1->3->1 [9] -1/-1/-1->3->1 [10] 2/-1/-1->3->0 [11] 2/-1/-1->3->0
gilbreth-c002:143690:143752 [1] NCCL INFO comm 0x5603c0be2e70 rank 1 nRanks 4 nNodes 1 localRanks 4 localRank 1 MNNVL 0
gilbreth-c002:143692:143758 [3] NCCL INFO P2P Chunksize set to 524288
gilbreth-c002:143689:143750 [0] NCCL INFO Channel 00/12 :    0   1   2   3
gilbreth-c002:143689:143750 [0] NCCL INFO Channel 01/12 :    0   1   3   2
gilbreth-c002:143691:143754 [2] NCCL INFO Trees [0] 3/-1/-1->2->1 [1] 3/-1/-1->2->1 [2] 1/-1/-1->2->0 [3] 1/-1/-1->2->0 [4] -1/-1/-1->2->3 [5] -1/-1/-1->2->3 [6] 3/-1/-1->2->1 [7] 3/-1/-1->2->1 [8] 1/-1/-1->2->0 [9] 1/-1/-1->2->0 [10] -1/-1/-1->2->3 [11] -1/-1/-1->2->3
gilbreth-c002:143689:143750 [0] NCCL INFO Channel 02/12 :    0   2   3   1
gilbreth-c002:143691:143754 [2] NCCL INFO P2P Chunksize set to 524288
gilbreth-c002:143689:143750 [0] NCCL INFO Channel 03/12 :    0   2   1   3
gilbreth-c002:143689:143750 [0] NCCL INFO Channel 04/12 :    0   3   1   2
gilbreth-c002:143689:143750 [0] NCCL INFO Channel 05/12 :    0   3   2   1
gilbreth-c002:143690:143752 [1] NCCL INFO Trees [0] 2/-1/-1->1->0 [1] 2/-1/-1->1->0 [2] 3/-1/-1->1->2 [3] 3/-1/-1->1->2 [4] 0/-1/-1->1->-1 [5] 0/-1/-1->1->-1 [6] 2/-1/-1->1->0 [7] 2/-1/-1->1->0 [8] 3/-1/-1->1->2 [9] 3/-1/-1->1->2 [10] 0/-1/-1->1->-1 [11] 0/-1/-1->1->-1
gilbreth-c002:143689:143750 [0] NCCL INFO Channel 06/12 :    0   1   2   3
gilbreth-c002:143690:143752 [1] NCCL INFO P2P Chunksize set to 524288
gilbreth-c002:143689:143750 [0] NCCL INFO Channel 07/12 :    0   1   3   2
gilbreth-c002:143689:143750 [0] NCCL INFO Channel 08/12 :    0   2   3   1
gilbreth-c002:143689:143750 [0] NCCL INFO Channel 09/12 :    0   2   1   3
gilbreth-c002:143689:143750 [0] NCCL INFO Channel 10/12 :    0   3   1   2
gilbreth-c002:143689:143750 [0] NCCL INFO Channel 11/12 :    0   3   2   1
gilbreth-c002:143689:143750 [0] NCCL INFO Trees [0] 1/-1/-1->0->-1 [1] 1/-1/-1->0->-1 [2] 2/-1/-1->0->-1 [3] 2/-1/-1->0->-1 [4] 3/-1/-1->0->1 [5] 3/-1/-1->0->1 [6] 1/-1/-1->0->-1 [7] 1/-1/-1->0->-1 [8] 2/-1/-1->0->-1 [9] 2/-1/-1->0->-1 [10] 3/-1/-1->0->1 [11] 3/-1/-1->0->1
gilbreth-c002:143689:143750 [0] NCCL INFO P2P Chunksize set to 524288
gilbreth-c002:143692:143758 [3] NCCL INFO Channel 00/0 : 3[3] -> 0[0] via P2P/IPC
gilbreth-c002:143692:143758 [3] NCCL INFO Channel 03/0 : 3[3] -> 0[0] via P2P/IPC
gilbreth-c002:143692:143758 [3] NCCL INFO Channel 06/0 : 3[3] -> 0[0] via P2P/IPC
gilbreth-c002:143689:143750 [0] NCCL INFO Channel 00/0 : 0[0] -> 1[1] via P2P/IPC
gilbreth-c002:143692:143758 [3] NCCL INFO Channel 09/0 : 3[3] -> 0[0] via P2P/IPC
gilbreth-c002:143690:143752 [1] NCCL INFO Channel 00/0 : 1[1] -> 2[2] via P2P/IPC
gilbreth-c002:143689:143750 [0] NCCL INFO Channel 01/0 : 0[0] -> 1[1] via P2P/IPC
gilbreth-c002:143691:143754 [2] NCCL INFO Channel 00/0 : 2[2] -> 3[3] via P2P/IPC
gilbreth-c002:143689:143750 [0] NCCL INFO Channel 06/0 : 0[0] -> 1[1] via P2P/IPC
gilbreth-c002:143690:143752 [1] NCCL INFO Channel 04/0 : 1[1] -> 2[2] via P2P/IPC
gilbreth-c002:143691:143754 [2] NCCL INFO Channel 02/0 : 2[2] -> 3[3] via P2P/IPC
gilbreth-c002:143689:143750 [0] NCCL INFO Channel 07/0 : 0[0] -> 1[1] via P2P/IPC
gilbreth-c002:143690:143752 [1] NCCL INFO Channel 06/0 : 1[1] -> 2[2] via P2P/IPC
gilbreth-c002:143691:143754 [2] NCCL INFO Channel 06/0 : 2[2] -> 3[3] via P2P/IPC
gilbreth-c002:143690:143752 [1] NCCL INFO Channel 10/0 : 1[1] -> 2[2] via P2P/IPC
gilbreth-c002:143691:143754 [2] NCCL INFO Channel 08/0 : 2[2] -> 3[3] via P2P/IPC
gilbreth-c002:143692:143758 [3] NCCL INFO Channel 02/0 : 3[3] -> 1[1] via P2P/IPC
gilbreth-c002:143689:143750 [0] NCCL INFO Channel 02/0 : 0[0] -> 2[2] via P2P/IPC
gilbreth-c002:143692:143758 [3] NCCL INFO Channel 04/0 : 3[3] -> 1[1] via P2P/IPC
gilbreth-c002:143691:143754 [2] NCCL INFO Channel 01/0 : 2[2] -> 0[0] via P2P/IPC
gilbreth-c002:143689:143750 [0] NCCL INFO Channel 03/0 : 0[0] -> 2[2] via P2P/IPC
gilbreth-c002:143690:143752 [1] NCCL INFO Channel 01/0 : 1[1] -> 3[3] via P2P/IPC
gilbreth-c002:143692:143758 [3] NCCL INFO Channel 08/0 : 3[3] -> 1[1] via P2P/IPC
gilbreth-c002:143689:143750 [0] NCCL INFO Channel 08/0 : 0[0] -> 2[2] via P2P/IPC
gilbreth-c002:143691:143754 [2] NCCL INFO Channel 04/0 : 2[2] -> 0[0] via P2P/IPC
gilbreth-c002:143690:143752 [1] NCCL INFO Channel 03/0 : 1[1] -> 3[3] via P2P/IPC
gilbreth-c002:143692:143758 [3] NCCL INFO Channel 10/0 : 3[3] -> 1[1] via P2P/IPC
gilbreth-c002:143689:143750 [0] NCCL INFO Channel 09/0 : 0[0] -> 2[2] via P2P/IPC
gilbreth-c002:143691:143754 [2] NCCL INFO Channel 07/0 : 2[2] -> 0[0] via P2P/IPC
gilbreth-c002:143690:143752 [1] NCCL INFO Channel 07/0 : 1[1] -> 3[3] via P2P/IPC
gilbreth-c002:143691:143754 [2] NCCL INFO Channel 10/0 : 2[2] -> 0[0] via P2P/IPC
gilbreth-c002:143690:143752 [1] NCCL INFO Channel 09/0 : 1[1] -> 3[3] via P2P/IPC
gilbreth-c002:143692:143758 [3] NCCL INFO Channel 01/0 : 3[3] -> 2[2] via P2P/IPC
gilbreth-c002:143689:143750 [0] NCCL INFO Channel 04/0 : 0[0] -> 3[3] via P2P/IPC
gilbreth-c002:143692:143758 [3] NCCL INFO Channel 05/0 : 3[3] -> 2[2] via P2P/IPC
gilbreth-c002:143691:143754 [2] NCCL INFO Channel 03/0 : 2[2] -> 1[1] via P2P/IPC
gilbreth-c002:143690:143752 [1] NCCL INFO Channel 02/0 : 1[1] -> 0[0] via P2P/IPC
gilbreth-c002:143689:143750 [0] NCCL INFO Channel 05/0 : 0[0] -> 3[3] via P2P/IPC
gilbreth-c002:143692:143758 [3] NCCL INFO Channel 07/0 : 3[3] -> 2[2] via P2P/IPC
gilbreth-c002:143691:143754 [2] NCCL INFO Channel 05/0 : 2[2] -> 1[1] via P2P/IPC
gilbreth-c002:143690:143752 [1] NCCL INFO Channel 05/0 : 1[1] -> 0[0] via P2P/IPC
gilbreth-c002:143689:143750 [0] NCCL INFO Channel 10/0 : 0[0] -> 3[3] via P2P/IPC
gilbreth-c002:143692:143758 [3] NCCL INFO Channel 11/0 : 3[3] -> 2[2] via P2P/IPC
gilbreth-c002:143689:143750 [0] NCCL INFO Channel 11/0 : 0[0] -> 3[3] via P2P/IPC
gilbreth-c002:143691:143754 [2] NCCL INFO Channel 09/0 : 2[2] -> 1[1] via P2P/IPC
gilbreth-c002:143690:143752 [1] NCCL INFO Channel 08/0 : 1[1] -> 0[0] via P2P/IPC
gilbreth-c002:143691:143754 [2] NCCL INFO Channel 11/0 : 2[2] -> 1[1] via P2P/IPC
gilbreth-c002:143690:143752 [1] NCCL INFO Channel 11/0 : 1[1] -> 0[0] via P2P/IPC
gilbreth-c002:143692:143758 [3] NCCL INFO Connected all rings
gilbreth-c002:143689:143750 [0] NCCL INFO Connected all rings
gilbreth-c002:143691:143754 [2] NCCL INFO Connected all rings
gilbreth-c002:143690:143752 [1] NCCL INFO Connected all rings
gilbreth-c002:143689:143750 [0] NCCL INFO Channel 04/0 : 0[0] -> 1[1] via P2P/IPC
gilbreth-c002:143690:143752 [1] NCCL INFO Channel 01/0 : 1[1] -> 2[2] via P2P/IPC
gilbreth-c002:143692:143758 [3] NCCL INFO Channel 04/0 : 3[3] -> 0[0] via P2P/IPC
gilbreth-c002:143689:143750 [0] NCCL INFO Channel 05/0 : 0[0] -> 1[1] via P2P/IPC
gilbreth-c002:143690:143752 [1] NCCL INFO Channel 02/0 : 1[1] -> 2[2] via P2P/IPC
gilbreth-c002:143692:143758 [3] NCCL INFO Channel 05/0 : 3[3] -> 0[0] via P2P/IPC
gilbreth-c002:143689:143750 [0] NCCL INFO Channel 10/0 : 0[0] -> 1[1] via P2P/IPC
gilbreth-c002:143691:143754 [2] NCCL INFO Channel 01/0 : 2[2] -> 3[3] via P2P/IPC
gilbreth-c002:143690:143752 [1] NCCL INFO Channel 03/0 : 1[1] -> 2[2] via P2P/IPC
gilbreth-c002:143692:143758 [3] NCCL INFO Channel 10/0 : 3[3] -> 0[0] via P2P/IPC
gilbreth-c002:143689:143750 [0] NCCL INFO Channel 11/0 : 0[0] -> 1[1] via P2P/IPC
gilbreth-c002:143691:143754 [2] NCCL INFO Channel 04/0 : 2[2] -> 3[3] via P2P/IPC
gilbreth-c002:143690:143752 [1] NCCL INFO Channel 07/0 : 1[1] -> 2[2] via P2P/IPC
gilbreth-c002:143692:143758 [3] NCCL INFO Channel 11/0 : 3[3] -> 0[0] via P2P/IPC
gilbreth-c002:143691:143754 [2] NCCL INFO Channel 05/0 : 2[2] -> 3[3] via P2P/IPC
gilbreth-c002:143690:143752 [1] NCCL INFO Channel 08/0 : 1[1] -> 2[2] via P2P/IPC
gilbreth-c002:143691:143754 [2] NCCL INFO Channel 07/0 : 2[2] -> 3[3] via P2P/IPC
gilbreth-c002:143690:143752 [1] NCCL INFO Channel 09/0 : 1[1] -> 2[2] via P2P/IPC
gilbreth-c002:143691:143754 [2] NCCL INFO Channel 10/0 : 2[2] -> 3[3] via P2P/IPC
gilbreth-c002:143691:143754 [2] NCCL INFO Channel 11/0 : 2[2] -> 3[3] via P2P/IPC
gilbreth-c002:143691:143754 [2] NCCL INFO Channel 02/0 : 2[2] -> 0[0] via P2P/IPC
gilbreth-c002:143691:143754 [2] NCCL INFO Channel 03/0 : 2[2] -> 0[0] via P2P/IPC
gilbreth-c002:143692:143758 [3] NCCL INFO Channel 03/0 : 3[3] -> 1[1] via P2P/IPC
gilbreth-c002:143691:143754 [2] NCCL INFO Channel 08/0 : 2[2] -> 0[0] via P2P/IPC
gilbreth-c002:143690:143752 [1] NCCL INFO Channel 02/0 : 1[1] -> 3[3] via P2P/IPC
gilbreth-c002:143692:143758 [3] NCCL INFO Channel 09/0 : 3[3] -> 1[1] via P2P/IPC
gilbreth-c002:143691:143754 [2] NCCL INFO Channel 09/0 : 2[2] -> 0[0] via P2P/IPC
gilbreth-c002:143690:143752 [1] NCCL INFO Channel 08/0 : 1[1] -> 3[3] via P2P/IPC
gilbreth-c002:143692:143758 [3] NCCL INFO Channel 00/0 : 3[3] -> 2[2] via P2P/IPC
gilbreth-c002:143692:143758 [3] NCCL INFO Channel 04/0 : 3[3] -> 2[2] via P2P/IPC
gilbreth-c002:143692:143758 [3] NCCL INFO Channel 06/0 : 3[3] -> 2[2] via P2P/IPC
gilbreth-c002:143692:143758 [3] NCCL INFO Channel 10/0 : 3[3] -> 2[2] via P2P/IPC
gilbreth-c002:143691:143754 [2] NCCL INFO Channel 00/0 : 2[2] -> 1[1] via P2P/IPC
gilbreth-c002:143691:143754 [2] NCCL INFO Channel 01/0 : 2[2] -> 1[1] via P2P/IPC
gilbreth-c002:143691:143754 [2] NCCL INFO Channel 02/0 : 2[2] -> 1[1] via P2P/IPC
gilbreth-c002:143690:143752 [1] NCCL INFO Channel 00/0 : 1[1] -> 0[0] via P2P/IPC
gilbreth-c002:143691:143754 [2] NCCL INFO Channel 06/0 : 2[2] -> 1[1] via P2P/IPC
gilbreth-c002:143690:143752 [1] NCCL INFO Channel 01/0 : 1[1] -> 0[0] via P2P/IPC
gilbreth-c002:143691:143754 [2] NCCL INFO Channel 07/0 : 2[2] -> 1[1] via P2P/IPC
gilbreth-c002:143691:143754 [2] NCCL INFO Channel 08/0 : 2[2] -> 1[1] via P2P/IPC
gilbreth-c002:143690:143752 [1] NCCL INFO Channel 04/0 : 1[1] -> 0[0] via P2P/IPC
gilbreth-c002:143690:143752 [1] NCCL INFO Channel 06/0 : 1[1] -> 0[0] via P2P/IPC
gilbreth-c002:143690:143752 [1] NCCL INFO Channel 07/0 : 1[1] -> 0[0] via P2P/IPC
gilbreth-c002:143690:143752 [1] NCCL INFO Channel 10/0 : 1[1] -> 0[0] via P2P/IPC
gilbreth-c002:143692:143758 [3] NCCL INFO Connected all trees
gilbreth-c002:143689:143750 [0] NCCL INFO Connected all trees
gilbreth-c002:143692:143758 [3] NCCL INFO threadThresholds 8/8/64 | 32/8/64 | 512 | 512
gilbreth-c002:143692:143758 [3] NCCL INFO 12 coll channels, 0 collnet channels, 0 nvls channels, 16 p2p channels, 4 p2p channels per peer
gilbreth-c002:143689:143750 [0] NCCL INFO threadThresholds 8/8/64 | 32/8/64 | 512 | 512
gilbreth-c002:143689:143750 [0] NCCL INFO 12 coll channels, 0 collnet channels, 0 nvls channels, 16 p2p channels, 4 p2p channels per peer
gilbreth-c002:143691:143754 [2] NCCL INFO Connected all trees
gilbreth-c002:143691:143754 [2] NCCL INFO threadThresholds 8/8/64 | 32/8/64 | 512 | 512
gilbreth-c002:143691:143754 [2] NCCL INFO 12 coll channels, 0 collnet channels, 0 nvls channels, 16 p2p channels, 4 p2p channels per peer
gilbreth-c002:143690:143752 [1] NCCL INFO Connected all trees
gilbreth-c002:143690:143752 [1] NCCL INFO threadThresholds 8/8/64 | 32/8/64 | 512 | 512
gilbreth-c002:143690:143752 [1] NCCL INFO 12 coll channels, 0 collnet channels, 0 nvls channels, 16 p2p channels, 4 p2p channels per peer
gilbreth-c002:143691:143754 [2] NCCL INFO comm 0x55ca18d205c0 rank 2 nranks 4 cudaDev 2 nvmlDev 2 busId 89000 commId 0x97441ee1fc9c10a0 - Init COMPLETE
gilbreth-c002:143689:143750 [0] NCCL INFO comm 0x5562dca8f8a0 rank 0 nranks 4 cudaDev 0 nvmlDev 0 busId 61000 commId 0x97441ee1fc9c10a0 - Init COMPLETE
gilbreth-c002:143690:143752 [1] NCCL INFO comm 0x5603c0be2e70 rank 1 nranks 4 cudaDev 1 nvmlDev 1 busId 62000 commId 0x97441ee1fc9c10a0 - Init COMPLETE
gilbreth-c002:143692:143758 [3] NCCL INFO comm 0x55ad5114c210 rank 3 nranks 4 cudaDev 3 nvmlDev 3 busId 8a000 commId 0x97441ee1fc9c10a0 - Init COMPLETE
The token has not been saved to the git credentials helper. Pass `add_to_git_credential=True` in this function directly or `--add-to-git-credential` if using via `huggingface-cli` if you want to set the git credential as well.
The token has not been saved to the git credentials helper. Pass `add_to_git_credential=True` in this function directly or `--add-to-git-credential` if using via `huggingface-cli` if you want to set the git credential as well.
The token has not been saved to the git credentials helper. Pass `add_to_git_credential=True` in this function directly or `--add-to-git-credential` if using via `huggingface-cli` if you want to set the git credential as well.
The token has not been saved to the git credentials helper. Pass `add_to_git_credential=True` in this function directly or `--add-to-git-credential` if using via `huggingface-cli` if you want to set the git credential as well.
Token is valid (permission: fineGrained).
Your token has been saved to /home/ahmedb/.cache/huggingface/token
Login successful
Login to hub successful...!
Token is valid (permission: fineGrained).
Token is valid (permission: fineGrained).
Your token has been saved to /home/ahmedb/.cache/huggingface/token
Login successful
Login to hub successful...!
Your token has been saved to /home/ahmedb/.cache/huggingface/token
Login successful
Login to hub successful...!
Token is valid (permission: fineGrained).
Your token has been saved to /home/ahmedb/.cache/huggingface/token
Login successful
Login to hub successful...!
/home/ahmedb/.conda/envs/cent7/2020.11-py38/wav2letter/lib/python3.8/site-packages/transformers/training_args.py:1494: FutureWarning: `evaluation_strategy` is deprecated and will be removed in version 4.46 of 🤗 Transformers. Use `eval_strategy` instead
  warnings.warn(
/home/ahmedb/.conda/envs/cent7/2020.11-py38/wav2letter/lib/python3.8/site-packages/transformers/training_args.py:1494: FutureWarning: `evaluation_strategy` is deprecated and will be removed in version 4.46 of 🤗 Transformers. Use `eval_strategy` instead
  warnings.warn(
/home/ahmedb/.conda/envs/cent7/2020.11-py38/wav2letter/lib/python3.8/site-packages/transformers/training_args.py:1494: FutureWarning: `evaluation_strategy` is deprecated and will be removed in version 4.46 of 🤗 Transformers. Use `eval_strategy` instead
  warnings.warn(
/home/ahmedb/.conda/envs/cent7/2020.11-py38/wav2letter/lib/python3.8/site-packages/transformers/training_args.py:1494: FutureWarning: `evaluation_strategy` is deprecated and will be removed in version 4.46 of 🤗 Transformers. Use `eval_strategy` instead
  warnings.warn(
Detected kernel version 3.10.0, which is below the recommended minimum of 5.5.0; this can cause the process to hang. It is recommended to upgrade the kernel to the minimum version or higher.
Starting training...!
Starting training...!
Starting training...!
Starting training...!
  0%|          | 0/2 [00:00<?, ?it/s][rank1]:[W reducer.cpp:1389] Warning: find_unused_parameters=True was specified in DDP constructor, but did not find any unused parameters in the forward pass. This flag results in an extra traversal of the autograd graph every iteration,  which can adversely affect performance. If your model indeed never has any unused parameters in the forward pass, consider turning this flag off. Note that this warning may be a false positive if your model has flow control causing later iterations to have unused parameters. (function operator())
[rank0]:[W reducer.cpp:1389] Warning: find_unused_parameters=True was specified in DDP constructor, but did not find any unused parameters in the forward pass. This flag results in an extra traversal of the autograd graph every iteration,  which can adversely affect performance. If your model indeed never has any unused parameters in the forward pass, consider turning this flag off. Note that this warning may be a false positive if your model has flow control causing later iterations to have unused parameters. (function operator())
[rank2]:[W reducer.cpp:1389] Warning: find_unused_parameters=True was specified in DDP constructor, but did not find any unused parameters in the forward pass. This flag results in an extra traversal of the autograd graph every iteration,  which can adversely affect performance. If your model indeed never has any unused parameters in the forward pass, consider turning this flag off. Note that this warning may be a false positive if your model has flow control causing later iterations to have unused parameters. (function operator())
[rank3]:[W reducer.cpp:1389] Warning: find_unused_parameters=True was specified in DDP constructor, but did not find any unused parameters in the forward pass. This flag results in an extra traversal of the autograd graph every iteration,  which can adversely affect performance. If your model indeed never has any unused parameters in the forward pass, consider turning this flag off. Note that this warning may be a false positive if your model has flow control causing later iterations to have unused parameters. (function operator())
 50%|█████     | 1/2 [00:07<00:07,  7.26s/it]100%|██████████| 2/2 [00:07<00:00,  3.31s/it]/home/ahmedb/.conda/envs/cent7/2020.11-py38/wav2letter/lib/python3.8/site-packages/huggingface_hub/hf_api.py:3664: UserWarning: Warnings while validating metadata in README.md:
- empty or missing yaml metadata in repo card
  warnings.warn(f"Warnings while validating metadata in README.md:\n{message}")

  0%|          | 0/2 [00:00<?, ?it/s][A
100%|██████████| 2/2 [00:00<00:00, 10.59it/s][A                                             
                                             [A{'eval_runtime': 5.0001, 'eval_samples_per_second': 25.6, 'eval_steps_per_second': 0.4, 'epoch': 1.0}
100%|██████████| 2/2 [00:14<00:00,  3.31s/it]
100%|██████████| 2/2 [00:00<00:00, 10.59it/s][A
                                             [A[rank2]: Traceback (most recent call last):
[rank2]:   File "/home/ahmedb/.conda/envs/cent7/2020.11-py38/wav2letter/lib/python3.8/site-packages/transformers/trainer.py", line 2889, in _save_checkpoint
[rank2]:     metric_value = metrics[metric_to_check]
[rank2]: KeyError: 'eval_loss'

[rank2]: The above exception was the direct cause of the following exception:

[rank2]: Traceback (most recent call last):
[rank2]:   File "../scripts/pretrain_wav2vec2.py", line 151, in <module>
[rank2]:     train_wav2vec2(args)
[rank2]:   File "../scripts/pretrain_wav2vec2.py", line 108, in train_wav2vec2
[rank2]:     trainer.train()
[rank2]:   File "/home/ahmedb/.conda/envs/cent7/2020.11-py38/wav2letter/lib/python3.8/site-packages/transformers/trainer.py", line 1923, in train
[rank2]:     return inner_training_loop(
[rank2]:   File "/home/ahmedb/.conda/envs/cent7/2020.11-py38/wav2letter/lib/python3.8/site-packages/transformers/trainer.py", line 2365, in _inner_training_loop
[rank2]:     self._maybe_log_save_evaluate(tr_loss, grad_norm, model, trial, epoch, ignore_keys_for_eval)
[rank2]:   File "/home/ahmedb/.conda/envs/cent7/2020.11-py38/wav2letter/lib/python3.8/site-packages/transformers/trainer.py", line 2796, in _maybe_log_save_evaluate
[rank2]:     self._save_checkpoint(model, trial, metrics=metrics)
[rank2]:   File "/home/ahmedb/.conda/envs/cent7/2020.11-py38/wav2letter/lib/python3.8/site-packages/transformers/trainer.py", line 2891, in _save_checkpoint
[rank2]:     raise KeyError(
[rank2]: KeyError: "The `metric_for_best_model` training argument is set to 'eval_loss', which is not found in the evaluation metrics. The available evaluation metrics are: ['eval_runtime', 'eval_samples_per_second', 'eval_steps_per_second', 'epoch']. Consider changing the `metric_for_best_model` via the TrainingArguments."
[rank3]: Traceback (most recent call last):
[rank3]:   File "/home/ahmedb/.conda/envs/cent7/2020.11-py38/wav2letter/lib/python3.8/site-packages/transformers/trainer.py", line 2889, in _save_checkpoint
[rank3]:     metric_value = metrics[metric_to_check]
[rank3]: KeyError: 'eval_loss'

[rank3]: The above exception was the direct cause of the following exception:

[rank3]: Traceback (most recent call last):
[rank3]:   File "../scripts/pretrain_wav2vec2.py", line 151, in <module>
[rank3]:     train_wav2vec2(args)
[rank3]:   File "../scripts/pretrain_wav2vec2.py", line 108, in train_wav2vec2
[rank3]:     trainer.train()
[rank3]:   File "/home/ahmedb/.conda/envs/cent7/2020.11-py38/wav2letter/lib/python3.8/site-packages/transformers/trainer.py", line 1923, in train
[rank3]:     return inner_training_loop(
[rank3]:   File "/home/ahmedb/.conda/envs/cent7/2020.11-py38/wav2letter/lib/python3.8/site-packages/transformers/trainer.py", line 2365, in _inner_training_loop
[rank3]:     self._maybe_log_save_evaluate(tr_loss, grad_norm, model, trial, epoch, ignore_keys_for_eval)
[rank3]:   File "/home/ahmedb/.conda/envs/cent7/2020.11-py38/wav2letter/lib/python3.8/site-packages/transformers/trainer.py", line 2796, in _maybe_log_save_evaluate
[rank3]:     self._save_checkpoint(model, trial, metrics=metrics)
[rank3]:   File "/home/ahmedb/.conda/envs/cent7/2020.11-py38/wav2letter/lib/python3.8/site-packages/transformers/trainer.py", line 2891, in _save_checkpoint
[rank3]:     raise KeyError(
[rank3]: KeyError: "The `metric_for_best_model` training argument is set to 'eval_loss', which is not found in the evaluation metrics. The available evaluation metrics are: ['eval_runtime', 'eval_samples_per_second', 'eval_steps_per_second', 'epoch']. Consider changing the `metric_for_best_model` via the TrainingArguments."
[rank1]: Traceback (most recent call last):
[rank1]:   File "/home/ahmedb/.conda/envs/cent7/2020.11-py38/wav2letter/lib/python3.8/site-packages/transformers/trainer.py", line 2889, in _save_checkpoint
[rank1]:     metric_value = metrics[metric_to_check]
[rank1]: KeyError: 'eval_loss'

[rank1]: The above exception was the direct cause of the following exception:

[rank1]: Traceback (most recent call last):
[rank1]:   File "../scripts/pretrain_wav2vec2.py", line 151, in <module>
[rank1]:     train_wav2vec2(args)
[rank1]:   File "../scripts/pretrain_wav2vec2.py", line 108, in train_wav2vec2
[rank1]:     trainer.train()
[rank1]:   File "/home/ahmedb/.conda/envs/cent7/2020.11-py38/wav2letter/lib/python3.8/site-packages/transformers/trainer.py", line 1923, in train
[rank1]:     return inner_training_loop(
[rank1]:   File "/home/ahmedb/.conda/envs/cent7/2020.11-py38/wav2letter/lib/python3.8/site-packages/transformers/trainer.py", line 2365, in _inner_training_loop
[rank1]:     self._maybe_log_save_evaluate(tr_loss, grad_norm, model, trial, epoch, ignore_keys_for_eval)
[rank1]:   File "/home/ahmedb/.conda/envs/cent7/2020.11-py38/wav2letter/lib/python3.8/site-packages/transformers/trainer.py", line 2796, in _maybe_log_save_evaluate
[rank1]:     self._save_checkpoint(model, trial, metrics=metrics)
[rank1]:   File "/home/ahmedb/.conda/envs/cent7/2020.11-py38/wav2letter/lib/python3.8/site-packages/transformers/trainer.py", line 2891, in _save_checkpoint
[rank1]:     raise KeyError(
[rank1]: KeyError: "The `metric_for_best_model` training argument is set to 'eval_loss', which is not found in the evaluation metrics. The available evaluation metrics are: ['eval_runtime', 'eval_samples_per_second', 'eval_steps_per_second', 'epoch']. Consider changing the `metric_for_best_model` via the TrainingArguments."
[rank0]: Traceback (most recent call last):
[rank0]:   File "/home/ahmedb/.conda/envs/cent7/2020.11-py38/wav2letter/lib/python3.8/site-packages/transformers/trainer.py", line 2889, in _save_checkpoint
[rank0]:     metric_value = metrics[metric_to_check]
[rank0]: KeyError: 'eval_loss'

[rank0]: The above exception was the direct cause of the following exception:

[rank0]: Traceback (most recent call last):
[rank0]:   File "../scripts/pretrain_wav2vec2.py", line 151, in <module>
[rank0]:     train_wav2vec2(args)
[rank0]:   File "../scripts/pretrain_wav2vec2.py", line 108, in train_wav2vec2
[rank0]:     trainer.train()
[rank0]:   File "/home/ahmedb/.conda/envs/cent7/2020.11-py38/wav2letter/lib/python3.8/site-packages/transformers/trainer.py", line 1923, in train
[rank0]:     return inner_training_loop(
[rank0]:   File "/home/ahmedb/.conda/envs/cent7/2020.11-py38/wav2letter/lib/python3.8/site-packages/transformers/trainer.py", line 2365, in _inner_training_loop
[rank0]:     self._maybe_log_save_evaluate(tr_loss, grad_norm, model, trial, epoch, ignore_keys_for_eval)
[rank0]:   File "/home/ahmedb/.conda/envs/cent7/2020.11-py38/wav2letter/lib/python3.8/site-packages/transformers/trainer.py", line 2796, in _maybe_log_save_evaluate
[rank0]:     self._save_checkpoint(model, trial, metrics=metrics)
[rank0]:   File "/home/ahmedb/.conda/envs/cent7/2020.11-py38/wav2letter/lib/python3.8/site-packages/transformers/trainer.py", line 2891, in _save_checkpoint
[rank0]:     raise KeyError(
[rank0]: KeyError: "The `metric_for_best_model` training argument is set to 'eval_loss', which is not found in the evaluation metrics. The available evaluation metrics are: ['eval_runtime', 'eval_samples_per_second', 'eval_steps_per_second', 'epoch']. Consider changing the `metric_for_best_model` via the TrainingArguments."
W0721 16:56:50.760536 47880226418368 torch/distributed/elastic/multiprocessing/api.py:851] Sending process 143689 closing signal SIGTERM
E0721 16:56:51.177257 47880226418368 torch/distributed/elastic/multiprocessing/api.py:826] failed (exitcode: 1) local_rank: 1 (pid: 143690) of binary: /home/ahmedb/.conda/envs/cent7/2020.11-py38/wav2letter/bin/python
Traceback (most recent call last):
  File "/home/ahmedb/.conda/envs/cent7/2020.11-py38/wav2letter/bin/torchrun", line 8, in <module>
    sys.exit(main())
  File "/home/ahmedb/.conda/envs/cent7/2020.11-py38/wav2letter/lib/python3.8/site-packages/torch/distributed/elastic/multiprocessing/errors/__init__.py", line 347, in wrapper
    return f(*args, **kwargs)
  File "/home/ahmedb/.conda/envs/cent7/2020.11-py38/wav2letter/lib/python3.8/site-packages/torch/distributed/run.py", line 879, in main
    run(args)
  File "/home/ahmedb/.conda/envs/cent7/2020.11-py38/wav2letter/lib/python3.8/site-packages/torch/distributed/run.py", line 870, in run
    elastic_launch(
  File "/home/ahmedb/.conda/envs/cent7/2020.11-py38/wav2letter/lib/python3.8/site-packages/torch/distributed/launcher/api.py", line 132, in __call__
    return launch_agent(self._config, self._entrypoint, list(args))
  File "/home/ahmedb/.conda/envs/cent7/2020.11-py38/wav2letter/lib/python3.8/site-packages/torch/distributed/launcher/api.py", line 263, in launch_agent
    raise ChildFailedError(
torch.distributed.elastic.multiprocessing.errors.ChildFailedError: 
============================================================
../scripts/pretrain_wav2vec2.py FAILED
------------------------------------------------------------
Failures:
[1]:
  time      : 2024-07-21_16:56:50
  host      : gilbreth-c002.rcac.purdue.edu
  rank      : 2 (local_rank: 2)
  exitcode  : 1 (pid: 143691)
  error_file: <N/A>
  traceback : To enable traceback see: https://pytorch.org/docs/stable/elastic/errors.html
[2]:
  time      : 2024-07-21_16:56:50
  host      : gilbreth-c002.rcac.purdue.edu
  rank      : 3 (local_rank: 3)
  exitcode  : 1 (pid: 143692)
  error_file: <N/A>
  traceback : To enable traceback see: https://pytorch.org/docs/stable/elastic/errors.html
------------------------------------------------------------
Root Cause (first observed failure):
[0]:
  time      : 2024-07-21_16:56:50
  host      : gilbreth-c002.rcac.purdue.edu
  rank      : 1 (local_rank: 1)
  exitcode  : 1 (pid: 143690)
  error_file: <N/A>
  traceback : To enable traceback see: https://pytorch.org/docs/stable/elastic/errors.html
============================================================
